2025-04-24 21:16:20,207 - INFO - Class distribution: Counter({3: 7215, 4: 4965, 5: 4830, 2: 4097, 0: 3995, 6: 3171, 1: 436})
2025-04-24 21:16:20,207 - INFO - Class weights: [1.0266046524047852, 9.40661907196045, 1.001046061515808, 0.5684387683868408, 0.8260394334793091, 0.849127471446991, 1.2933729887008667]
2025-04-24 21:16:23,780 - INFO - Class distribution: Counter({3: 7215, 4: 4965, 5: 4830, 2: 4097, 0: 3995, 6: 3171, 1: 436})
2025-04-24 21:16:23,780 - INFO - Class weights: [1.0266046524047852, 9.40661907196045, 1.001046061515808, 0.5684387683868408, 0.8260394334793091, 0.849127471446991, 1.2933729887008667]
2025-04-24 21:16:27,336 - INFO - Class distribution: Counter({3: 7215, 4: 4965, 5: 4830, 2: 4097, 0: 3995, 6: 3171, 1: 436})
2025-04-24 21:16:27,343 - INFO - Class weights: [1.0266046524047852, 9.40661907196045, 1.001046061515808, 0.5684387683868408, 0.8260394334793091, 0.849127471446991, 1.2933729887008667]
2025-04-24 21:17:42,105 - INFO - Class distribution: Counter({3: 7215, 4: 4965, 5: 4830, 2: 4097, 0: 3995, 6: 3171, 1: 436})
2025-04-24 21:17:42,108 - INFO - Class weights: [1.0266046524047852, 9.40661907196045, 1.001046061515808, 0.5684387683868408, 0.8260394334793091, 0.849127471446991, 1.2933729887008667]
2025-04-24 21:17:46,035 - INFO - Class distribution: Counter({3: 7215, 4: 4965, 5: 4830, 2: 4097, 0: 3995, 6: 3171, 1: 436})
2025-04-24 21:17:46,035 - INFO - Class weights: [1.0266046524047852, 9.40661907196045, 1.001046061515808, 0.5684387683868408, 0.8260394334793091, 0.849127471446991, 1.2933729887008667]
2025-04-24 21:17:53,828 - INFO - Epoch [1/50], Train Loss: 1.9463, Train Acc: 20.34%, Val Loss: 1.9097, Val Acc: 17.37%
2025-04-24 21:17:53,828 - INFO - Saved best model
2025-04-24 21:17:58,112 - INFO - Class distribution: Counter({3: 7215, 4: 4965, 5: 4830, 2: 4097, 0: 3995, 6: 3171, 1: 436})
2025-04-24 21:17:58,115 - INFO - Class weights: [1.0266046524047852, 9.40661907196045, 1.001046061515808, 0.5684387683868408, 0.8260394334793091, 0.849127471446991, 1.2933729887008667]
2025-04-24 21:18:02,892 - INFO - Class distribution: Counter({3: 7215, 4: 4965, 5: 4830, 2: 4097, 0: 3995, 6: 3171, 1: 436})
2025-04-24 21:18:02,892 - INFO - Class weights: [1.0266046524047852, 9.40661907196045, 1.001046061515808, 0.5684387683868408, 0.8260394334793091, 0.849127471446991, 1.2933729887008667]
2025-04-24 21:19:35,257 - INFO - Class distribution: Counter({3: 7215, 4: 4965, 5: 4830, 2: 4097, 0: 3995, 6: 3171, 1: 436})
2025-04-24 21:19:35,257 - INFO - Class weights: [1.0266046524047852, 9.40661907196045, 1.001046061515808, 0.5684387683868408, 0.8260394334793091, 0.849127471446991, 1.2933729887008667]
2025-04-24 21:19:39,046 - INFO - Class distribution: Counter({3: 7215, 4: 4965, 5: 4830, 2: 4097, 0: 3995, 6: 3171, 1: 436})
2025-04-24 21:19:39,046 - INFO - Class weights: [1.0266046524047852, 9.40661907196045, 1.001046061515808, 0.5684387683868408, 0.8260394334793091, 0.849127471446991, 1.2933729887008667]
2025-04-24 21:19:45,876 - INFO - Epoch [2/50], Train Loss: 1.9370, Train Acc: 22.31%, Val Loss: 1.8992, Val Acc: 24.71%
2025-04-24 21:19:45,879 - INFO - Saved best model
2025-04-24 21:19:49,788 - INFO - Class distribution: Counter({3: 7215, 4: 4965, 5: 4830, 2: 4097, 0: 3995, 6: 3171, 1: 436})
2025-04-24 21:19:49,788 - INFO - Class weights: [1.0266046524047852, 9.40661907196045, 1.001046061515808, 0.5684387683868408, 0.8260394334793091, 0.849127471446991, 1.2933729887008667]
2025-04-24 21:19:53,892 - INFO - Class distribution: Counter({3: 7215, 4: 4965, 5: 4830, 2: 4097, 0: 3995, 6: 3171, 1: 436})
2025-04-24 21:19:53,892 - INFO - Class weights: [1.0266046524047852, 9.40661907196045, 1.001046061515808, 0.5684387683868408, 0.8260394334793091, 0.849127471446991, 1.2933729887008667]
2025-04-24 21:21:04,558 - INFO - Class distribution: Counter({3: 7215, 4: 4965, 5: 4830, 2: 4097, 0: 3995, 6: 3171, 1: 436})
2025-04-24 21:21:04,558 - INFO - Class weights: [1.0266046524047852, 9.40661907196045, 1.001046061515808, 0.5684387683868408, 0.8260394334793091, 0.849127471446991, 1.2933729887008667]
2025-04-24 21:21:08,605 - INFO - Class distribution: Counter({3: 7215, 4: 4965, 5: 4830, 2: 4097, 0: 3995, 6: 3171, 1: 436})
2025-04-24 21:21:08,605 - INFO - Class weights: [1.0266046524047852, 9.40661907196045, 1.001046061515808, 0.5684387683868408, 0.8260394334793091, 0.849127471446991, 1.2933729887008667]
2025-04-24 21:21:15,541 - INFO - Epoch [3/50], Train Loss: 1.9385, Train Acc: 22.06%, Val Loss: 1.8775, Val Acc: 17.72%
2025-04-24 21:21:19,798 - INFO - Class distribution: Counter({3: 7215, 4: 4965, 5: 4830, 2: 4097, 0: 3995, 6: 3171, 1: 436})
2025-04-24 21:21:19,798 - INFO - Class weights: [1.0266046524047852, 9.40661907196045, 1.001046061515808, 0.5684387683868408, 0.8260394334793091, 0.849127471446991, 1.2933729887008667]
2025-04-24 21:21:23,540 - INFO - Class distribution: Counter({3: 7215, 4: 4965, 5: 4830, 2: 4097, 0: 3995, 6: 3171, 1: 436})
2025-04-24 21:21:23,540 - INFO - Class weights: [1.0266046524047852, 9.40661907196045, 1.001046061515808, 0.5684387683868408, 0.8260394334793091, 0.849127471446991, 1.2933729887008667]
2025-04-24 21:22:42,145 - INFO - Class distribution: Counter({3: 7215, 4: 4965, 5: 4830, 2: 4097, 0: 3995, 6: 3171, 1: 436})
2025-04-24 21:22:42,145 - INFO - Class weights: [1.0266046524047852, 9.40661907196045, 1.001046061515808, 0.5684387683868408, 0.8260394334793091, 0.849127471446991, 1.2933729887008667]
2025-04-24 21:22:46,040 - INFO - Class distribution: Counter({3: 7215, 4: 4965, 5: 4830, 2: 4097, 0: 3995, 6: 3171, 1: 436})
2025-04-24 21:22:46,040 - INFO - Class weights: [1.0266046524047852, 9.40661907196045, 1.001046061515808, 0.5684387683868408, 0.8260394334793091, 0.849127471446991, 1.2933729887008667]
2025-04-24 21:22:53,539 - INFO - Epoch [4/50], Train Loss: 1.8916, Train Acc: 22.37%, Val Loss: 1.7674, Val Acc: 29.27%
2025-04-24 21:22:53,556 - INFO - Saved best model
2025-04-24 21:22:57,373 - INFO - Class distribution: Counter({3: 7215, 4: 4965, 5: 4830, 2: 4097, 0: 3995, 6: 3171, 1: 436})
2025-04-24 21:22:57,373 - INFO - Class weights: [1.0266046524047852, 9.40661907196045, 1.001046061515808, 0.5684387683868408, 0.8260394334793091, 0.849127471446991, 1.2933729887008667]
2025-04-24 21:23:01,173 - INFO - Class distribution: Counter({3: 7215, 4: 4965, 5: 4830, 2: 4097, 0: 3995, 6: 3171, 1: 436})
2025-04-24 21:23:01,173 - INFO - Class weights: [1.0266046524047852, 9.40661907196045, 1.001046061515808, 0.5684387683868408, 0.8260394334793091, 0.849127471446991, 1.2933729887008667]
2025-04-24 21:24:31,801 - INFO - Class distribution: Counter({3: 7215, 4: 4965, 5: 4830, 2: 4097, 0: 3995, 6: 3171, 1: 436})
2025-04-24 21:24:31,801 - INFO - Class weights: [1.0266046524047852, 9.40661907196045, 1.001046061515808, 0.5684387683868408, 0.8260394334793091, 0.849127471446991, 1.2933729887008667]
2025-04-24 21:24:35,402 - INFO - Class distribution: Counter({3: 7215, 4: 4965, 5: 4830, 2: 4097, 0: 3995, 6: 3171, 1: 436})
2025-04-24 21:24:35,402 - INFO - Class weights: [1.0266046524047852, 9.40661907196045, 1.001046061515808, 0.5684387683868408, 0.8260394334793091, 0.849127471446991, 1.2933729887008667]
2025-04-24 21:24:46,063 - INFO - Epoch [5/50], Train Loss: 1.7140, Train Acc: 35.58%, Val Loss: 1.5319, Val Acc: 42.57%
2025-04-24 21:24:46,070 - INFO - Saved best model
2025-04-24 21:24:49,950 - INFO - Class distribution: Counter({3: 7215, 4: 4965, 5: 4830, 2: 4097, 0: 3995, 6: 3171, 1: 436})
2025-04-24 21:24:49,950 - INFO - Class weights: [1.0266046524047852, 9.40661907196045, 1.001046061515808, 0.5684387683868408, 0.8260394334793091, 0.849127471446991, 1.2933729887008667]
2025-04-24 21:24:53,700 - INFO - Class distribution: Counter({3: 7215, 4: 4965, 5: 4830, 2: 4097, 0: 3995, 6: 3171, 1: 436})
2025-04-24 21:24:53,700 - INFO - Class weights: [1.0266046524047852, 9.40661907196045, 1.001046061515808, 0.5684387683868408, 0.8260394334793091, 0.849127471446991, 1.2933729887008667]
2025-04-24 21:28:14,090 - INFO - Class distribution: Counter({3: 7215, 4: 4965, 5: 4830, 2: 4097, 0: 3995, 6: 3171, 1: 436})
2025-04-24 21:28:14,090 - INFO - Class weights: [1.0266046524047852, 9.40661907196045, 1.001046061515808, 0.5684387683868408, 0.8260394334793091, 0.849127471446991, 1.2933729887008667]
2025-04-24 21:28:18,074 - INFO - Class distribution: Counter({3: 7215, 4: 4965, 5: 4830, 2: 4097, 0: 3995, 6: 3171, 1: 436})
2025-04-24 21:28:18,074 - INFO - Class weights: [1.0266046524047852, 9.40661907196045, 1.001046061515808, 0.5684387683868408, 0.8260394334793091, 0.849127471446991, 1.2933729887008667]
2025-04-24 21:28:56,121 - INFO - Epoch [6/50], Train Loss: 1.5811, Train Acc: 41.50%, Val Loss: 1.3443, Val Acc: 49.30%
2025-04-24 21:28:56,124 - INFO - Saved best model
2025-04-24 21:29:00,253 - INFO - Class distribution: Counter({3: 7215, 4: 4965, 5: 4830, 2: 4097, 0: 3995, 6: 3171, 1: 436})
2025-04-24 21:29:00,254 - INFO - Class weights: [1.0266046524047852, 9.40661907196045, 1.001046061515808, 0.5684387683868408, 0.8260394334793091, 0.849127471446991, 1.2933729887008667]
2025-04-24 21:29:03,903 - INFO - Class distribution: Counter({3: 7215, 4: 4965, 5: 4830, 2: 4097, 0: 3995, 6: 3171, 1: 436})
2025-04-24 21:29:03,903 - INFO - Class weights: [1.0266046524047852, 9.40661907196045, 1.001046061515808, 0.5684387683868408, 0.8260394334793091, 0.849127471446991, 1.2933729887008667]
2025-04-24 21:39:23,488 - INFO - Class distribution: Counter({3: 7215, 4: 4965, 5: 4830, 2: 4097, 0: 3995, 6: 3171, 1: 436})
2025-04-24 21:39:23,488 - INFO - Class weights: [1.0266046524047852, 9.40661907196045, 1.001046061515808, 0.5684387683868408, 0.8260394334793091, 0.849127471446991, 1.2933729887008667]
2025-04-24 21:39:27,104 - INFO - Class distribution: Counter({3: 7215, 4: 4965, 5: 4830, 2: 4097, 0: 3995, 6: 3171, 1: 436})
2025-04-24 21:39:27,104 - INFO - Class weights: [1.0266046524047852, 9.40661907196045, 1.001046061515808, 0.5684387683868408, 0.8260394334793091, 0.849127471446991, 1.2933729887008667]
2025-04-24 21:41:02,132 - INFO - Epoch [7/50], Train Loss: 1.5198, Train Acc: 43.56%, Val Loss: 1.4186, Val Acc: 46.22%
2025-04-24 21:41:05,781 - INFO - Class distribution: Counter({3: 7215, 4: 4965, 5: 4830, 2: 4097, 0: 3995, 6: 3171, 1: 436})
2025-04-24 21:41:05,782 - INFO - Class weights: [1.0266046524047852, 9.40661907196045, 1.001046061515808, 0.5684387683868408, 0.8260394334793091, 0.849127471446991, 1.2933729887008667]
2025-04-24 21:41:09,381 - INFO - Class distribution: Counter({3: 7215, 4: 4965, 5: 4830, 2: 4097, 0: 3995, 6: 3171, 1: 436})
2025-04-24 21:41:09,381 - INFO - Class weights: [1.0266046524047852, 9.40661907196045, 1.001046061515808, 0.5684387683868408, 0.8260394334793091, 0.849127471446991, 1.2933729887008667]
2025-04-24 21:55:36,361 - INFO - Class distribution: Counter({3: 7215, 4: 4965, 5: 4830, 2: 4097, 0: 3995, 6: 3171, 1: 436})
2025-04-24 21:55:36,361 - INFO - Class weights: [1.0266046524047852, 9.40661907196045, 1.001046061515808, 0.5684387683868408, 0.8260394334793091, 0.849127471446991, 1.2933729887008667]
2025-04-24 21:55:40,399 - INFO - Class distribution: Counter({3: 7215, 4: 4965, 5: 4830, 2: 4097, 0: 3995, 6: 3171, 1: 436})
2025-04-24 21:55:40,399 - INFO - Class weights: [1.0266046524047852, 9.40661907196045, 1.001046061515808, 0.5684387683868408, 0.8260394334793091, 0.849127471446991, 1.2933729887008667]
2025-04-24 21:57:44,681 - INFO - Epoch [8/50], Train Loss: 1.4696, Train Acc: 45.38%, Val Loss: 1.2602, Val Acc: 51.38%
2025-04-24 21:57:44,681 - INFO - Saved best model
2025-04-24 21:57:48,617 - INFO - Class distribution: Counter({3: 7215, 4: 4965, 5: 4830, 2: 4097, 0: 3995, 6: 3171, 1: 436})
2025-04-24 21:57:48,617 - INFO - Class weights: [1.0266046524047852, 9.40661907196045, 1.001046061515808, 0.5684387683868408, 0.8260394334793091, 0.849127471446991, 1.2933729887008667]
2025-04-24 21:57:52,783 - INFO - Class distribution: Counter({3: 7215, 4: 4965, 5: 4830, 2: 4097, 0: 3995, 6: 3171, 1: 436})
2025-04-24 21:57:52,799 - INFO - Class weights: [1.0266046524047852, 9.40661907196045, 1.001046061515808, 0.5684387683868408, 0.8260394334793091, 0.849127471446991, 1.2933729887008667]
2025-04-24 22:13:46,032 - INFO - Class distribution: Counter({3: 7215, 4: 4965, 5: 4830, 2: 4097, 0: 3995, 6: 3171, 1: 436})
2025-04-24 22:13:46,032 - INFO - Class weights: [1.0266046524047852, 9.40661907196045, 1.001046061515808, 0.5684387683868408, 0.8260394334793091, 0.849127471446991, 1.2933729887008667]
2025-04-24 22:13:50,232 - INFO - Class distribution: Counter({3: 7215, 4: 4965, 5: 4830, 2: 4097, 0: 3995, 6: 3171, 1: 436})
2025-04-24 22:13:50,232 - INFO - Class weights: [1.0266046524047852, 9.40661907196045, 1.001046061515808, 0.5684387683868408, 0.8260394334793091, 0.849127471446991, 1.2933729887008667]
2025-04-24 22:15:46,904 - INFO - Epoch [9/50], Train Loss: 1.4306, Train Acc: 46.78%, Val Loss: 1.3070, Val Acc: 50.36%
2025-04-24 22:15:50,842 - INFO - Class distribution: Counter({3: 7215, 4: 4965, 5: 4830, 2: 4097, 0: 3995, 6: 3171, 1: 436})
2025-04-24 22:15:50,842 - INFO - Class weights: [1.0266046524047852, 9.40661907196045, 1.001046061515808, 0.5684387683868408, 0.8260394334793091, 0.849127471446991, 1.2933729887008667]
2025-04-24 22:15:54,958 - INFO - Class distribution: Counter({3: 7215, 4: 4965, 5: 4830, 2: 4097, 0: 3995, 6: 3171, 1: 436})
2025-04-24 22:15:54,958 - INFO - Class weights: [1.0266046524047852, 9.40661907196045, 1.001046061515808, 0.5684387683868408, 0.8260394334793091, 0.849127471446991, 1.2933729887008667]
2025-04-24 22:37:31,639 - INFO - Class distribution: Counter({3: 7215, 4: 4965, 5: 4830, 2: 4097, 0: 3995, 6: 3171, 1: 436})
2025-04-24 22:37:31,643 - INFO - Class weights: [1.0266046524047852, 9.40661907196045, 1.001046061515808, 0.5684387683868408, 0.8260394334793091, 0.849127471446991, 1.2933729887008667]
2025-04-24 22:37:35,322 - INFO - Class distribution: Counter({3: 7215, 4: 4965, 5: 4830, 2: 4097, 0: 3995, 6: 3171, 1: 436})
2025-04-24 22:37:35,322 - INFO - Class weights: [1.0266046524047852, 9.40661907196045, 1.001046061515808, 0.5684387683868408, 0.8260394334793091, 0.849127471446991, 1.2933729887008667]
2025-04-24 22:41:07,556 - INFO - Epoch [10/50], Train Loss: 1.4155, Train Acc: 47.81%, Val Loss: 1.2401, Val Acc: 52.88%
2025-04-24 22:41:07,556 - INFO - Saved best model
2025-04-24 22:41:10,890 - INFO - Class distribution: Counter({3: 7215, 4: 4965, 5: 4830, 2: 4097, 0: 3995, 6: 3171, 1: 436})
2025-04-24 22:41:10,890 - INFO - Class weights: [1.0266046524047852, 9.40661907196045, 1.001046061515808, 0.5684387683868408, 0.8260394334793091, 0.849127471446991, 1.2933729887008667]
2025-04-24 22:41:14,502 - INFO - Class distribution: Counter({3: 7215, 4: 4965, 5: 4830, 2: 4097, 0: 3995, 6: 3171, 1: 436})
2025-04-24 22:41:14,502 - INFO - Class weights: [1.0266046524047852, 9.40661907196045, 1.001046061515808, 0.5684387683868408, 0.8260394334793091, 0.849127471446991, 1.2933729887008667]
2025-04-25 00:17:04,397 - INFO - Class distribution: Counter({3: 7215, 4: 4965, 5: 4830, 2: 4097, 0: 3995, 6: 3171, 1: 436})
2025-04-25 00:17:04,397 - INFO - Class weights: [1.0266046524047852, 9.40661907196045, 1.001046061515808, 0.5684387683868408, 0.8260394334793091, 0.849127471446991, 1.2933729887008667]
2025-04-25 00:17:07,953 - INFO - Class distribution: Counter({3: 7215, 4: 4965, 5: 4830, 2: 4097, 0: 3995, 6: 3171, 1: 436})
2025-04-25 00:17:07,953 - INFO - Class weights: [1.0266046524047852, 9.40661907196045, 1.001046061515808, 0.5684387683868408, 0.8260394334793091, 0.849127471446991, 1.2933729887008667]
2025-04-25 00:17:12,363 - INFO - Class distribution: Counter({3: 7215, 4: 4965, 5: 4830, 2: 4097, 0: 3995, 6: 3171, 1: 436})
2025-04-25 00:17:12,363 - INFO - Class weights: [1.0266046524047852, 9.40661907196045, 1.001046061515808, 0.5684387683868408, 0.8260394334793091, 0.849127471446991, 1.2933729887008667]
2025-04-25 00:19:11,258 - INFO - Class distribution: Counter({3: 7215, 4: 4965, 5: 4830, 2: 4097, 0: 3995, 6: 3171, 1: 436})
2025-04-25 00:19:11,258 - INFO - Class weights: [1.0266046524047852, 9.40661907196045, 1.001046061515808, 0.5684387683868408, 0.8260394334793091, 0.849127471446991, 1.2933729887008667]
2025-04-25 00:19:14,882 - INFO - Class distribution: Counter({3: 7215, 4: 4965, 5: 4830, 2: 4097, 0: 3995, 6: 3171, 1: 436})
2025-04-25 00:19:14,882 - INFO - Class weights: [1.0266046524047852, 9.40661907196045, 1.001046061515808, 0.5684387683868408, 0.8260394334793091, 0.849127471446991, 1.2933729887008667]
2025-04-25 00:19:25,918 - INFO - Epoch [1/50], Train Loss: 1.9471, Train Acc: 18.66%, Val Loss: 1.9099, Val Acc: 24.34%
2025-04-25 00:19:25,918 - INFO - Saved best model
2025-04-25 00:19:29,851 - INFO - Class distribution: Counter({3: 7215, 4: 4965, 5: 4830, 2: 4097, 0: 3995, 6: 3171, 1: 436})
2025-04-25 00:19:29,851 - INFO - Class weights: [1.0266046524047852, 9.40661907196045, 1.001046061515808, 0.5684387683868408, 0.8260394334793091, 0.849127471446991, 1.2933729887008667]
2025-04-25 00:19:33,746 - INFO - Class distribution: Counter({3: 7215, 4: 4965, 5: 4830, 2: 4097, 0: 3995, 6: 3171, 1: 436})
2025-04-25 00:19:33,746 - INFO - Class weights: [1.0266046524047852, 9.40661907196045, 1.001046061515808, 0.5684387683868408, 0.8260394334793091, 0.849127471446991, 1.2933729887008667]
2025-04-25 00:21:41,076 - INFO - Class distribution: Counter({3: 7215, 4: 4965, 5: 4830, 2: 4097, 0: 3995, 6: 3171, 1: 436})
2025-04-25 00:21:41,076 - INFO - Class weights: [1.0266046524047852, 9.40661907196045, 1.001046061515808, 0.5684387683868408, 0.8260394334793091, 0.849127471446991, 1.2933729887008667]
2025-04-25 00:21:44,731 - INFO - Class distribution: Counter({3: 7215, 4: 4965, 5: 4830, 2: 4097, 0: 3995, 6: 3171, 1: 436})
2025-04-25 00:21:44,731 - INFO - Class weights: [1.0266046524047852, 9.40661907196045, 1.001046061515808, 0.5684387683868408, 0.8260394334793091, 0.849127471446991, 1.2933729887008667]
2025-04-25 00:21:56,160 - INFO - Epoch [2/50], Train Loss: 1.9325, Train Acc: 18.45%, Val Loss: 1.8894, Val Acc: 22.11%
2025-04-25 00:22:00,080 - INFO - Class distribution: Counter({3: 7215, 4: 4965, 5: 4830, 2: 4097, 0: 3995, 6: 3171, 1: 436})
2025-04-25 00:22:00,080 - INFO - Class weights: [1.0266046524047852, 9.40661907196045, 1.001046061515808, 0.5684387683868408, 0.8260394334793091, 0.849127471446991, 1.2933729887008667]
2025-04-25 00:22:03,994 - INFO - Class distribution: Counter({3: 7215, 4: 4965, 5: 4830, 2: 4097, 0: 3995, 6: 3171, 1: 436})
2025-04-25 00:22:03,994 - INFO - Class weights: [1.0266046524047852, 9.40661907196045, 1.001046061515808, 0.5684387683868408, 0.8260394334793091, 0.849127471446991, 1.2933729887008667]
2025-04-25 00:24:11,506 - INFO - Class distribution: Counter({3: 7215, 4: 4965, 5: 4830, 2: 4097, 0: 3995, 6: 3171, 1: 436})
2025-04-25 00:24:11,506 - INFO - Class weights: [1.0266046524047852, 9.40661907196045, 1.001046061515808, 0.5684387683868408, 0.8260394334793091, 0.849127471446991, 1.2933729887008667]
2025-04-25 00:24:15,563 - INFO - Class distribution: Counter({3: 7215, 4: 4965, 5: 4830, 2: 4097, 0: 3995, 6: 3171, 1: 436})
2025-04-25 00:24:15,563 - INFO - Class weights: [1.0266046524047852, 9.40661907196045, 1.001046061515808, 0.5684387683868408, 0.8260394334793091, 0.849127471446991, 1.2933729887008667]
2025-04-25 00:24:27,977 - INFO - Epoch [3/50], Train Loss: 1.9246, Train Acc: 15.91%, Val Loss: 1.8862, Val Acc: 17.12%
2025-04-25 00:24:31,935 - INFO - Class distribution: Counter({3: 7215, 4: 4965, 5: 4830, 2: 4097, 0: 3995, 6: 3171, 1: 436})
2025-04-25 00:24:31,935 - INFO - Class weights: [1.0266046524047852, 9.40661907196045, 1.001046061515808, 0.5684387683868408, 0.8260394334793091, 0.849127471446991, 1.2933729887008667]
2025-04-25 00:24:35,888 - INFO - Class distribution: Counter({3: 7215, 4: 4965, 5: 4830, 2: 4097, 0: 3995, 6: 3171, 1: 436})
2025-04-25 00:24:35,888 - INFO - Class weights: [1.0266046524047852, 9.40661907196045, 1.001046061515808, 0.5684387683868408, 0.8260394334793091, 0.849127471446991, 1.2933729887008667]
2025-04-25 00:26:40,297 - INFO - Class distribution: Counter({3: 7215, 4: 4965, 5: 4830, 2: 4097, 0: 3995, 6: 3171, 1: 436})
2025-04-25 00:26:40,297 - INFO - Class weights: [1.0266046524047852, 9.40661907196045, 1.001046061515808, 0.5684387683868408, 0.8260394334793091, 0.849127471446991, 1.2933729887008667]
2025-04-25 00:26:43,971 - INFO - Class distribution: Counter({3: 7215, 4: 4965, 5: 4830, 2: 4097, 0: 3995, 6: 3171, 1: 436})
2025-04-25 00:26:43,971 - INFO - Class weights: [1.0266046524047852, 9.40661907196045, 1.001046061515808, 0.5684387683868408, 0.8260394334793091, 0.849127471446991, 1.2933729887008667]
2025-04-25 00:26:54,703 - INFO - Epoch [4/50], Train Loss: 1.8811, Train Acc: 20.06%, Val Loss: 1.7581, Val Acc: 25.76%
2025-04-25 00:26:54,706 - INFO - Saved best model
2025-04-25 00:26:58,604 - INFO - Class distribution: Counter({3: 7215, 4: 4965, 5: 4830, 2: 4097, 0: 3995, 6: 3171, 1: 436})
2025-04-25 00:26:58,604 - INFO - Class weights: [1.0266046524047852, 9.40661907196045, 1.001046061515808, 0.5684387683868408, 0.8260394334793091, 0.849127471446991, 1.2933729887008667]
2025-04-25 00:27:02,670 - INFO - Class distribution: Counter({3: 7215, 4: 4965, 5: 4830, 2: 4097, 0: 3995, 6: 3171, 1: 436})
2025-04-25 00:27:02,670 - INFO - Class weights: [1.0266046524047852, 9.40661907196045, 1.001046061515808, 0.5684387683868408, 0.8260394334793091, 0.849127471446991, 1.2933729887008667]
2025-04-25 00:29:05,639 - INFO - Class distribution: Counter({3: 7215, 4: 4965, 5: 4830, 2: 4097, 0: 3995, 6: 3171, 1: 436})
2025-04-25 00:29:05,639 - INFO - Class weights: [1.0266046524047852, 9.40661907196045, 1.001046061515808, 0.5684387683868408, 0.8260394334793091, 0.849127471446991, 1.2933729887008667]
2025-04-25 00:29:09,561 - INFO - Class distribution: Counter({3: 7215, 4: 4965, 5: 4830, 2: 4097, 0: 3995, 6: 3171, 1: 436})
2025-04-25 00:29:09,561 - INFO - Class weights: [1.0266046524047852, 9.40661907196045, 1.001046061515808, 0.5684387683868408, 0.8260394334793091, 0.849127471446991, 1.2933729887008667]
2025-04-25 00:29:19,736 - INFO - Epoch [5/50], Train Loss: 1.7977, Train Acc: 26.42%, Val Loss: 1.6769, Val Acc: 35.94%
2025-04-25 00:29:19,740 - INFO - Saved best model
2025-04-25 00:29:23,377 - INFO - Class distribution: Counter({3: 7215, 4: 4965, 5: 4830, 2: 4097, 0: 3995, 6: 3171, 1: 436})
2025-04-25 00:29:23,393 - INFO - Class weights: [1.0266046524047852, 9.40661907196045, 1.001046061515808, 0.5684387683868408, 0.8260394334793091, 0.849127471446991, 1.2933729887008667]
2025-04-25 00:29:27,156 - INFO - Class distribution: Counter({3: 7215, 4: 4965, 5: 4830, 2: 4097, 0: 3995, 6: 3171, 1: 436})
2025-04-25 00:29:27,156 - INFO - Class weights: [1.0266046524047852, 9.40661907196045, 1.001046061515808, 0.5684387683868408, 0.8260394334793091, 0.849127471446991, 1.2933729887008667]
2025-04-25 00:31:29,255 - INFO - Class distribution: Counter({3: 7215, 4: 4965, 5: 4830, 2: 4097, 0: 3995, 6: 3171, 1: 436})
2025-04-25 00:31:29,255 - INFO - Class weights: [1.0266046524047852, 9.40661907196045, 1.001046061515808, 0.5684387683868408, 0.8260394334793091, 0.849127471446991, 1.2933729887008667]
2025-04-25 00:31:32,955 - INFO - Class distribution: Counter({3: 7215, 4: 4965, 5: 4830, 2: 4097, 0: 3995, 6: 3171, 1: 436})
2025-04-25 00:31:32,955 - INFO - Class weights: [1.0266046524047852, 9.40661907196045, 1.001046061515808, 0.5684387683868408, 0.8260394334793091, 0.849127471446991, 1.2933729887008667]
2025-04-25 00:31:44,037 - INFO - Epoch [6/50], Train Loss: 1.6910, Train Acc: 35.84%, Val Loss: 1.4172, Val Acc: 45.51%
2025-04-25 00:31:44,037 - INFO - Saved best model
2025-04-25 00:31:48,381 - INFO - Class distribution: Counter({3: 7215, 4: 4965, 5: 4830, 2: 4097, 0: 3995, 6: 3171, 1: 436})
2025-04-25 00:31:48,381 - INFO - Class weights: [1.0266046524047852, 9.40661907196045, 1.001046061515808, 0.5684387683868408, 0.8260394334793091, 0.849127471446991, 1.2933729887008667]
2025-04-25 00:31:52,758 - INFO - Class distribution: Counter({3: 7215, 4: 4965, 5: 4830, 2: 4097, 0: 3995, 6: 3171, 1: 436})
2025-04-25 00:31:52,758 - INFO - Class weights: [1.0266046524047852, 9.40661907196045, 1.001046061515808, 0.5684387683868408, 0.8260394334793091, 0.849127471446991, 1.2933729887008667]
2025-04-25 00:43:31,138 - INFO - Class distribution: Counter({3: 7215, 4: 4965, 5: 4830, 2: 4097, 0: 3995, 6: 3171, 1: 436})
2025-04-25 00:43:31,138 - INFO - Class weights: [1.0266046524047852, 9.40661907196045, 1.001046061515808, 0.5684387683868408, 0.8260394334793091, 0.849127471446991, 1.2933729887008667]
2025-04-25 00:43:34,819 - INFO - Class distribution: Counter({3: 7215, 4: 4965, 5: 4830, 2: 4097, 0: 3995, 6: 3171, 1: 436})
2025-04-25 00:43:34,820 - INFO - Class weights: [1.0266046524047852, 9.40661907196045, 1.001046061515808, 0.5684387683868408, 0.8260394334793091, 0.849127471446991, 1.2933729887008667]
2025-04-25 00:46:34,781 - INFO - Epoch [7/50], Train Loss: 1.5699, Train Acc: 41.71%, Val Loss: 1.3059, Val Acc: 49.99%
2025-04-25 00:46:34,788 - INFO - Saved best model
2025-04-25 00:46:40,522 - INFO - Class distribution: Counter({3: 7215, 4: 4965, 5: 4830, 2: 4097, 0: 3995, 6: 3171, 1: 436})
2025-04-25 00:46:40,522 - INFO - Class weights: [1.0266046524047852, 9.40661907196045, 1.001046061515808, 0.5684387683868408, 0.8260394334793091, 0.849127471446991, 1.2933729887008667]
2025-04-25 00:46:44,002 - INFO - Class distribution: Counter({3: 7215, 4: 4965, 5: 4830, 2: 4097, 0: 3995, 6: 3171, 1: 436})
2025-04-25 00:46:44,002 - INFO - Class weights: [1.0266046524047852, 9.40661907196045, 1.001046061515808, 0.5684387683868408, 0.8260394334793091, 0.849127471446991, 1.2933729887008667]
2025-04-25 01:04:55,945 - INFO - Class distribution: Counter({3: 7215, 4: 4965, 5: 4830, 2: 4097, 0: 3995, 6: 3171, 1: 436})
2025-04-25 01:04:55,945 - INFO - Class weights: [1.0266046524047852, 9.40661907196045, 1.001046061515808, 0.5684387683868408, 0.8260394334793091, 0.849127471446991, 1.2933729887008667]
2025-04-25 01:04:59,785 - INFO - Class distribution: Counter({3: 7215, 4: 4965, 5: 4830, 2: 4097, 0: 3995, 6: 3171, 1: 436})
2025-04-25 01:04:59,785 - INFO - Class weights: [1.0266046524047852, 9.40661907196045, 1.001046061515808, 0.5684387683868408, 0.8260394334793091, 0.849127471446991, 1.2933729887008667]
2025-04-25 01:07:55,432 - INFO - Epoch [8/50], Train Loss: 1.5027, Train Acc: 44.79%, Val Loss: 1.2628, Val Acc: 51.11%
2025-04-25 01:07:55,432 - INFO - Saved best model
2025-04-25 01:07:59,119 - INFO - Class distribution: Counter({3: 7215, 4: 4965, 5: 4830, 2: 4097, 0: 3995, 6: 3171, 1: 436})
2025-04-25 01:07:59,119 - INFO - Class weights: [1.0266046524047852, 9.40661907196045, 1.001046061515808, 0.5684387683868408, 0.8260394334793091, 0.849127471446991, 1.2933729887008667]
2025-04-25 01:08:02,599 - INFO - Class distribution: Counter({3: 7215, 4: 4965, 5: 4830, 2: 4097, 0: 3995, 6: 3171, 1: 436})
2025-04-25 01:08:02,599 - INFO - Class weights: [1.0266046524047852, 9.40661907196045, 1.001046061515808, 0.5684387683868408, 0.8260394334793091, 0.849127471446991, 1.2933729887008667]
2025-04-25 06:22:28,618 - INFO - Class distribution: Counter({3: 7215, 4: 4965, 5: 4830, 2: 4097, 0: 3995, 6: 3171, 1: 436})
2025-04-25 06:22:28,618 - INFO - Class weights: [1.0266046524047852, 9.40661907196045, 1.001046061515808, 0.5684387683868408, 0.8260394334793091, 0.849127471446991, 1.2933729887008667]
2025-04-25 06:22:32,388 - INFO - Class distribution: Counter({3: 7215, 4: 4965, 5: 4830, 2: 4097, 0: 3995, 6: 3171, 1: 436})
2025-04-25 06:22:32,390 - INFO - Class weights: [1.0266046524047852, 9.40661907196045, 1.001046061515808, 0.5684387683868408, 0.8260394334793091, 0.849127471446991, 1.2933729887008667]
2025-04-25 06:22:35,869 - INFO - Class distribution: Counter({3: 7215, 4: 4965, 5: 4830, 2: 4097, 0: 3995, 6: 3171, 1: 436})
2025-04-25 06:22:35,871 - INFO - Class weights: [1.0266046524047852, 9.40661907196045, 1.001046061515808, 0.5684387683868408, 0.8260394334793091, 0.849127471446991, 1.2933729887008667]
2025-04-25 06:24:33,069 - INFO - Class distribution: Counter({3: 7215, 4: 4965, 5: 4830, 2: 4097, 0: 3995, 6: 3171, 1: 436})
2025-04-25 06:24:33,069 - INFO - Class weights: [1.0266046524047852, 9.40661907196045, 1.001046061515808, 0.5684387683868408, 0.8260394334793091, 0.849127471446991, 1.2933729887008667]
2025-04-25 06:24:36,724 - INFO - Class distribution: Counter({3: 7215, 4: 4965, 5: 4830, 2: 4097, 0: 3995, 6: 3171, 1: 436})
2025-04-25 06:24:36,724 - INFO - Class weights: [1.0266046524047852, 9.40661907196045, 1.001046061515808, 0.5684387683868408, 0.8260394334793091, 0.849127471446991, 1.2933729887008667]
2025-04-25 06:24:45,755 - INFO - Epoch [1/50], Train Loss: 1.9408, Train Acc: 22.41%, Val Loss: 1.8798, Val Acc: 22.92%
2025-04-25 06:24:45,771 - INFO - Saved best model
2025-04-25 06:24:49,265 - INFO - Class distribution: Counter({3: 7215, 4: 4965, 5: 4830, 2: 4097, 0: 3995, 6: 3171, 1: 436})
2025-04-25 06:24:49,265 - INFO - Class weights: [1.0266046524047852, 9.40661907196045, 1.001046061515808, 0.5684387683868408, 0.8260394334793091, 0.849127471446991, 1.2933729887008667]
2025-04-25 06:24:53,071 - INFO - Class distribution: Counter({3: 7215, 4: 4965, 5: 4830, 2: 4097, 0: 3995, 6: 3171, 1: 436})
2025-04-25 06:24:53,071 - INFO - Class weights: [1.0266046524047852, 9.40661907196045, 1.001046061515808, 0.5684387683868408, 0.8260394334793091, 0.849127471446991, 1.2933729887008667]
2025-04-25 06:26:48,978 - INFO - Class distribution: Counter({3: 7215, 4: 4965, 5: 4830, 2: 4097, 0: 3995, 6: 3171, 1: 436})
2025-04-25 06:26:48,978 - INFO - Class weights: [1.0266046524047852, 9.40661907196045, 1.001046061515808, 0.5684387683868408, 0.8260394334793091, 0.849127471446991, 1.2933729887008667]
2025-04-25 06:26:53,149 - INFO - Class distribution: Counter({3: 7215, 4: 4965, 5: 4830, 2: 4097, 0: 3995, 6: 3171, 1: 436})
2025-04-25 06:26:53,165 - INFO - Class weights: [1.0266046524047852, 9.40661907196045, 1.001046061515808, 0.5684387683868408, 0.8260394334793091, 0.849127471446991, 1.2933729887008667]
2025-04-25 06:27:03,642 - INFO - Epoch [2/50], Train Loss: 1.9291, Train Acc: 20.89%, Val Loss: 1.8836, Val Acc: 21.09%
2025-04-25 06:27:07,576 - INFO - Class distribution: Counter({3: 7215, 4: 4965, 5: 4830, 2: 4097, 0: 3995, 6: 3171, 1: 436})
2025-04-25 06:27:07,576 - INFO - Class weights: [1.0266046524047852, 9.40661907196045, 1.001046061515808, 0.5684387683868408, 0.8260394334793091, 0.849127471446991, 1.2933729887008667]
2025-04-25 06:27:11,370 - INFO - Class distribution: Counter({3: 7215, 4: 4965, 5: 4830, 2: 4097, 0: 3995, 6: 3171, 1: 436})
2025-04-25 06:27:11,370 - INFO - Class weights: [1.0266046524047852, 9.40661907196045, 1.001046061515808, 0.5684387683868408, 0.8260394334793091, 0.849127471446991, 1.2933729887008667]
2025-04-25 06:29:04,187 - INFO - Class distribution: Counter({3: 7215, 4: 4965, 5: 4830, 2: 4097, 0: 3995, 6: 3171, 1: 436})
2025-04-25 06:29:04,187 - INFO - Class weights: [1.0266046524047852, 9.40661907196045, 1.001046061515808, 0.5684387683868408, 0.8260394334793091, 0.849127471446991, 1.2933729887008667]
2025-04-25 06:29:07,752 - INFO - Class distribution: Counter({3: 7215, 4: 4965, 5: 4830, 2: 4097, 0: 3995, 6: 3171, 1: 436})
2025-04-25 06:29:07,752 - INFO - Class weights: [1.0266046524047852, 9.40661907196045, 1.001046061515808, 0.5684387683868408, 0.8260394334793091, 0.849127471446991, 1.2933729887008667]
2025-04-25 06:29:17,532 - INFO - Epoch [3/50], Train Loss: 1.8931, Train Acc: 18.42%, Val Loss: 1.8548, Val Acc: 20.66%
2025-04-25 06:29:20,962 - INFO - Class distribution: Counter({3: 7215, 4: 4965, 5: 4830, 2: 4097, 0: 3995, 6: 3171, 1: 436})
2025-04-25 06:29:20,962 - INFO - Class weights: [1.0266046524047852, 9.40661907196045, 1.001046061515808, 0.5684387683868408, 0.8260394334793091, 0.849127471446991, 1.2933729887008667]
2025-04-25 06:29:24,421 - INFO - Class distribution: Counter({3: 7215, 4: 4965, 5: 4830, 2: 4097, 0: 3995, 6: 3171, 1: 436})
2025-04-25 06:29:24,421 - INFO - Class weights: [1.0266046524047852, 9.40661907196045, 1.001046061515808, 0.5684387683868408, 0.8260394334793091, 0.849127471446991, 1.2933729887008667]
2025-04-25 06:31:15,487 - INFO - Class distribution: Counter({3: 7215, 4: 4965, 5: 4830, 2: 4097, 0: 3995, 6: 3171, 1: 436})
2025-04-25 06:31:15,487 - INFO - Class weights: [1.0266046524047852, 9.40661907196045, 1.001046061515808, 0.5684387683868408, 0.8260394334793091, 0.849127471446991, 1.2933729887008667]
2025-04-25 06:31:18,906 - INFO - Class distribution: Counter({3: 7215, 4: 4965, 5: 4830, 2: 4097, 0: 3995, 6: 3171, 1: 436})
2025-04-25 06:31:18,906 - INFO - Class weights: [1.0266046524047852, 9.40661907196045, 1.001046061515808, 0.5684387683868408, 0.8260394334793091, 0.849127471446991, 1.2933729887008667]
2025-04-25 06:31:29,128 - INFO - Epoch [4/50], Train Loss: 1.8537, Train Acc: 24.49%, Val Loss: 1.7547, Val Acc: 28.74%
2025-04-25 06:31:29,128 - INFO - Saved best model
2025-04-25 06:31:33,397 - INFO - Class distribution: Counter({3: 7215, 4: 4965, 5: 4830, 2: 4097, 0: 3995, 6: 3171, 1: 436})
2025-04-25 06:31:33,397 - INFO - Class weights: [1.0266046524047852, 9.40661907196045, 1.001046061515808, 0.5684387683868408, 0.8260394334793091, 0.849127471446991, 1.2933729887008667]
2025-04-25 06:31:36,844 - INFO - Class distribution: Counter({3: 7215, 4: 4965, 5: 4830, 2: 4097, 0: 3995, 6: 3171, 1: 436})
2025-04-25 06:31:36,844 - INFO - Class weights: [1.0266046524047852, 9.40661907196045, 1.001046061515808, 0.5684387683868408, 0.8260394334793091, 0.849127471446991, 1.2933729887008667]
2025-04-25 06:33:42,659 - INFO - Class distribution: Counter({3: 7215, 4: 4965, 5: 4830, 2: 4097, 0: 3995, 6: 3171, 1: 436})
2025-04-25 06:33:42,659 - INFO - Class weights: [1.0266046524047852, 9.40661907196045, 1.001046061515808, 0.5684387683868408, 0.8260394334793091, 0.849127471446991, 1.2933729887008667]
2025-04-25 06:33:46,624 - INFO - Class distribution: Counter({3: 7215, 4: 4965, 5: 4830, 2: 4097, 0: 3995, 6: 3171, 1: 436})
2025-04-25 06:33:46,624 - INFO - Class weights: [1.0266046524047852, 9.40661907196045, 1.001046061515808, 0.5684387683868408, 0.8260394334793091, 0.849127471446991, 1.2933729887008667]
2025-04-25 06:33:57,396 - INFO - Epoch [5/50], Train Loss: 1.8090, Train Acc: 25.90%, Val Loss: 1.6771, Val Acc: 33.94%
2025-04-25 06:33:57,396 - INFO - Saved best model
2025-04-25 06:34:01,677 - INFO - Class distribution: Counter({3: 7215, 4: 4965, 5: 4830, 2: 4097, 0: 3995, 6: 3171, 1: 436})
2025-04-25 06:34:01,677 - INFO - Class weights: [1.0266046524047852, 9.40661907196045, 1.001046061515808, 0.5684387683868408, 0.8260394334793091, 0.849127471446991, 1.2933729887008667]
2025-04-25 06:34:05,442 - INFO - Class distribution: Counter({3: 7215, 4: 4965, 5: 4830, 2: 4097, 0: 3995, 6: 3171, 1: 436})
2025-04-25 06:34:05,442 - INFO - Class weights: [1.0266046524047852, 9.40661907196045, 1.001046061515808, 0.5684387683868408, 0.8260394334793091, 0.849127471446991, 1.2933729887008667]
2025-04-25 06:36:09,325 - INFO - Class distribution: Counter({3: 7215, 4: 4965, 5: 4830, 2: 4097, 0: 3995, 6: 3171, 1: 436})
2025-04-25 06:36:09,325 - INFO - Class weights: [1.0266046524047852, 9.40661907196045, 1.001046061515808, 0.5684387683868408, 0.8260394334793091, 0.849127471446991, 1.2933729887008667]
2025-04-25 06:36:13,231 - INFO - Class distribution: Counter({3: 7215, 4: 4965, 5: 4830, 2: 4097, 0: 3995, 6: 3171, 1: 436})
2025-04-25 06:36:13,231 - INFO - Class weights: [1.0266046524047852, 9.40661907196045, 1.001046061515808, 0.5684387683868408, 0.8260394334793091, 0.849127471446991, 1.2933729887008667]
2025-04-25 06:36:23,547 - INFO - Epoch [6/50], Train Loss: 1.7367, Train Acc: 30.01%, Val Loss: 1.4824, Val Acc: 44.19%
2025-04-25 06:36:23,547 - INFO - Saved best model
2025-04-25 06:36:27,797 - INFO - Class distribution: Counter({3: 7215, 4: 4965, 5: 4830, 2: 4097, 0: 3995, 6: 3171, 1: 436})
2025-04-25 06:36:27,797 - INFO - Class weights: [1.0266046524047852, 9.40661907196045, 1.001046061515808, 0.5684387683868408, 0.8260394334793091, 0.849127471446991, 1.2933729887008667]
2025-04-25 06:36:31,781 - INFO - Class distribution: Counter({3: 7215, 4: 4965, 5: 4830, 2: 4097, 0: 3995, 6: 3171, 1: 436})
2025-04-25 06:36:31,781 - INFO - Class weights: [1.0266046524047852, 9.40661907196045, 1.001046061515808, 0.5684387683868408, 0.8260394334793091, 0.849127471446991, 1.2933729887008667]
2025-04-25 06:39:19,051 - INFO - Class distribution: Counter({3: 7215, 4: 4965, 5: 4830, 2: 4097, 0: 3995, 6: 3171, 1: 436})
2025-04-25 06:39:19,051 - INFO - Class weights: [1.0266046524047852, 9.40661907196045, 1.001046061515808, 0.5684387683868408, 0.8260394334793091, 0.849127471446991, 1.2933729887008667]
2025-04-25 06:39:23,113 - INFO - Class distribution: Counter({3: 7215, 4: 4965, 5: 4830, 2: 4097, 0: 3995, 6: 3171, 1: 436})
2025-04-25 06:39:23,113 - INFO - Class weights: [1.0266046524047852, 9.40661907196045, 1.001046061515808, 0.5684387683868408, 0.8260394334793091, 0.849127471446991, 1.2933729887008667]
2025-04-25 06:39:53,752 - INFO - Epoch [7/50], Train Loss: 1.6270, Train Acc: 38.89%, Val Loss: 1.3875, Val Acc: 47.20%
2025-04-25 06:39:53,765 - INFO - Saved best model
2025-04-25 06:39:57,245 - INFO - Class distribution: Counter({3: 7215, 4: 4965, 5: 4830, 2: 4097, 0: 3995, 6: 3171, 1: 436})
2025-04-25 06:39:57,245 - INFO - Class weights: [1.0266046524047852, 9.40661907196045, 1.001046061515808, 0.5684387683868408, 0.8260394334793091, 0.849127471446991, 1.2933729887008667]
2025-04-25 06:40:00,693 - INFO - Class distribution: Counter({3: 7215, 4: 4965, 5: 4830, 2: 4097, 0: 3995, 6: 3171, 1: 436})
2025-04-25 06:40:00,693 - INFO - Class weights: [1.0266046524047852, 9.40661907196045, 1.001046061515808, 0.5684387683868408, 0.8260394334793091, 0.849127471446991, 1.2933729887008667]
2025-04-25 06:47:41,961 - INFO - Class distribution: Counter({3: 7215, 4: 4965, 5: 4830, 2: 4097, 0: 3995, 6: 3171, 1: 436})
2025-04-25 06:47:41,961 - INFO - Class weights: [1.0266046524047852, 9.40661907196045, 1.001046061515808, 0.5684387683868408, 0.8260394334793091, 0.849127471446991, 1.2933729887008667]
2025-04-25 06:47:45,226 - INFO - Class distribution: Counter({3: 7215, 4: 4965, 5: 4830, 2: 4097, 0: 3995, 6: 3171, 1: 436})
2025-04-25 06:47:45,228 - INFO - Class weights: [1.0266046524047852, 9.40661907196045, 1.001046061515808, 0.5684387683868408, 0.8260394334793091, 0.849127471446991, 1.2933729887008667]
2025-04-25 06:49:08,143 - INFO - Epoch [8/50], Train Loss: 1.5551, Train Acc: 42.28%, Val Loss: 1.3127, Val Acc: 50.64%
2025-04-25 06:49:08,146 - INFO - Saved best model
2025-04-25 06:49:11,412 - INFO - Class distribution: Counter({3: 7215, 4: 4965, 5: 4830, 2: 4097, 0: 3995, 6: 3171, 1: 436})
2025-04-25 06:49:11,412 - INFO - Class weights: [1.0266046524047852, 9.40661907196045, 1.001046061515808, 0.5684387683868408, 0.8260394334793091, 0.849127471446991, 1.2933729887008667]
2025-04-25 06:49:14,659 - INFO - Class distribution: Counter({3: 7215, 4: 4965, 5: 4830, 2: 4097, 0: 3995, 6: 3171, 1: 436})
2025-04-25 06:49:14,675 - INFO - Class weights: [1.0266046524047852, 9.40661907196045, 1.001046061515808, 0.5684387683868408, 0.8260394334793091, 0.849127471446991, 1.2933729887008667]
2025-04-25 07:02:53,367 - INFO - Class distribution: Counter({3: 7215, 4: 4965, 5: 4830, 2: 4097, 0: 3995, 6: 3171, 1: 436})
2025-04-25 07:02:53,367 - INFO - Class weights: [1.0266046524047852, 9.40661907196045, 1.001046061515808, 0.5684387683868408, 0.8260394334793091, 0.849127471446991, 1.2933729887008667]
2025-04-25 07:02:56,639 - INFO - Class distribution: Counter({3: 7215, 4: 4965, 5: 4830, 2: 4097, 0: 3995, 6: 3171, 1: 436})
2025-04-25 07:02:56,640 - INFO - Class weights: [1.0266046524047852, 9.40661907196045, 1.001046061515808, 0.5684387683868408, 0.8260394334793091, 0.849127471446991, 1.2933729887008667]
2025-04-25 07:05:02,371 - INFO - Epoch [9/50], Train Loss: 1.4889, Train Acc: 44.57%, Val Loss: 1.3886, Val Acc: 46.92%
2025-04-25 07:05:05,650 - INFO - Class distribution: Counter({3: 7215, 4: 4965, 5: 4830, 2: 4097, 0: 3995, 6: 3171, 1: 436})
2025-04-25 07:05:05,650 - INFO - Class weights: [1.0266046524047852, 9.40661907196045, 1.001046061515808, 0.5684387683868408, 0.8260394334793091, 0.849127471446991, 1.2933729887008667]
2025-04-25 07:05:08,896 - INFO - Class distribution: Counter({3: 7215, 4: 4965, 5: 4830, 2: 4097, 0: 3995, 6: 3171, 1: 436})
2025-04-25 07:05:08,896 - INFO - Class weights: [1.0266046524047852, 9.40661907196045, 1.001046061515808, 0.5684387683868408, 0.8260394334793091, 0.849127471446991, 1.2933729887008667]
2025-04-25 07:22:40,831 - INFO - Class distribution: Counter({3: 7215, 4: 4965, 5: 4830, 2: 4097, 0: 3995, 6: 3171, 1: 436})
2025-04-25 07:22:40,831 - INFO - Class weights: [1.0266046524047852, 9.40661907196045, 1.001046061515808, 0.5684387683868408, 0.8260394334793091, 0.849127471446991, 1.2933729887008667]
2025-04-25 07:22:44,114 - INFO - Class distribution: Counter({3: 7215, 4: 4965, 5: 4830, 2: 4097, 0: 3995, 6: 3171, 1: 436})
2025-04-25 07:22:44,114 - INFO - Class weights: [1.0266046524047852, 9.40661907196045, 1.001046061515808, 0.5684387683868408, 0.8260394334793091, 0.849127471446991, 1.2933729887008667]
2025-04-25 07:25:11,261 - INFO - Epoch [10/50], Train Loss: 1.4451, Train Acc: 46.87%, Val Loss: 1.2342, Val Acc: 53.18%
2025-04-25 07:25:11,261 - INFO - Saved best model
2025-04-25 07:25:14,508 - INFO - Class distribution: Counter({3: 7215, 4: 4965, 5: 4830, 2: 4097, 0: 3995, 6: 3171, 1: 436})
2025-04-25 07:25:14,508 - INFO - Class weights: [1.0266046524047852, 9.40661907196045, 1.001046061515808, 0.5684387683868408, 0.8260394334793091, 0.849127471446991, 1.2933729887008667]
2025-04-25 07:25:17,739 - INFO - Class distribution: Counter({3: 7215, 4: 4965, 5: 4830, 2: 4097, 0: 3995, 6: 3171, 1: 436})
2025-04-25 07:25:17,740 - INFO - Class weights: [1.0266046524047852, 9.40661907196045, 1.001046061515808, 0.5684387683868408, 0.8260394334793091, 0.849127471446991, 1.2933729887008667]
2025-04-25 07:49:05,530 - INFO - Class distribution: Counter({3: 7215, 4: 4965, 5: 4830, 2: 4097, 0: 3995, 6: 3171, 1: 436})
2025-04-25 07:49:05,530 - INFO - Class weights: [1.0266046524047852, 9.40661907196045, 1.001046061515808, 0.5684387683868408, 0.8260394334793091, 0.849127471446991, 1.2933729887008667]
2025-04-25 07:49:08,842 - INFO - Class distribution: Counter({3: 7215, 4: 4965, 5: 4830, 2: 4097, 0: 3995, 6: 3171, 1: 436})
2025-04-25 07:49:08,844 - INFO - Class weights: [1.0266046524047852, 9.40661907196045, 1.001046061515808, 0.5684387683868408, 0.8260394334793091, 0.849127471446991, 1.2933729887008667]
2025-04-25 07:52:03,715 - INFO - Epoch [11/50], Train Loss: 1.3948, Train Acc: 48.58%, Val Loss: 1.2103, Val Acc: 53.62%
2025-04-25 07:52:03,731 - INFO - Saved best model
2025-04-25 07:52:06,996 - INFO - Class distribution: Counter({3: 7215, 4: 4965, 5: 4830, 2: 4097, 0: 3995, 6: 3171, 1: 436})
2025-04-25 07:52:06,996 - INFO - Class weights: [1.0266046524047852, 9.40661907196045, 1.001046061515808, 0.5684387683868408, 0.8260394334793091, 0.849127471446991, 1.2933729887008667]
2025-04-25 07:52:10,253 - INFO - Class distribution: Counter({3: 7215, 4: 4965, 5: 4830, 2: 4097, 0: 3995, 6: 3171, 1: 436})
2025-04-25 07:52:10,253 - INFO - Class weights: [1.0266046524047852, 9.40661907196045, 1.001046061515808, 0.5684387683868408, 0.8260394334793091, 0.849127471446991, 1.2933729887008667]
